#
# A fatal error has been detected by the Java Runtime Environment:
#
#  SIGBUS (0x7) at pc=0x00007f469f7c4eed, pid=27651, tid=0x00007f4650294700
#
# JRE version: OpenJDK Runtime Environment (8.0_121-b13) (build 1.8.0_121-8u121-b13-0ubuntu1.16.04.2-b13)
# Java VM: OpenJDK 64-Bit Server VM (25.121-b13 mixed mode linux-amd64 compressed oops)
# Problematic frame:
# C  [libzip.so+0x4eed]
#
# Failed to write core dump. Core dumps have been disabled. To enable core dumping, try "ulimit -c unlimited" before starting Java again
#
# If you would like to submit a bug report, please visit:
#   http://bugreport.java.com/bugreport/crash.jsp
# The crash happened outside the Java Virtual Machine in native code.
# See problematic frame for where to report the bug.
#

---------------  T H R E A D  ---------------

Current thread (0x00007f463c0b5800):  JavaThread "Thread-11" [_thread_in_native, id=27159, stack(0x00007f4650194000,0x00007f4650295000)]

siginfo: si_signo: 7 (SIGBUS), si_code: 2 (BUS_ADRERR), si_addr: 0x00007f468cefd49e

Registers:
RAX=0x00007f464c001ea0, RBX=0x00007f46a0220ea0, RCX=0x00007f468cefd47e, RDX=0x00007f464c001ea0
RSP=0x00007f4650291500, RBP=0x00007f4650291570, RSI=0x00000000000000f0, RDI=0x00007f4650291480
R8 =0x0000000053c39efb, R9 =0x00007f46a613dfe0, R10=0x00007f464c0000b8, R11=0x00000000e4355540
R12=0x00007f46a0253608, R13=0x00007f4650291618, R14=0x00007f464c000cd0, R15=0x00007f464c001ea0
RIP=0x00007f469f7c4eed, EFLAGS=0x0000000000010206, CSGSFS=0x0000000000000033, ERR=0x0000000000000004
  TRAPNO=0x000000000000000e

Top of Stack: (sp=0x00007f4650291500)
0x00007f4650291500:   00007f46407d8e88 00007f46407d9018
0x00007f4650291510:   00007f46502919d0 00007f46502929a0
0x00007f4650291520:   00007f46502919c0 00007f46a5bdbab2
0x00007f4650291530:   000000003c0b5800 00007f46a5ac0a00
0x00007f4650291540:   0000000000000039 00007f46a0253600
0x00007f4650291550:   0000000053c39efb 00007f4650291618
0x00007f4650291560:   00007f464c000cd0 00007f46a0220ea0
0x00007f4650291570:   00007f46502915c0 00007f469f7c5c84
0x00007f4650291580:   00007f46502915e0 0000003901bb3c00
0x00007f4650291590:   00007f46502915c0 0000000000000039
0x00007f46502915a0:   00007f463c0b59e0 000000008527b078
0x00007f46502915b0:   00007f4650291a38 00007f46a0220ea0
0x00007f46502915c0:   00007f4650291a20 00007f469f7c3bec
0x00007f46502915d0:   00007f46502915e0 000000015222eed8
0x00007f46502915e0:   696c63652f67726f 7474656a2f657370
0x00007f46502915f0:   6e614d2f6f692f79 656c655364656761
0x00007f4650291600:   6f6c4324726f7463 696f50646e456573
0x00007f4650291610:   73616c632e73746e 0000000000000073
0x00007f4650291620:   00007f46502919a0 00007f46a683d6ce
0x00007f4650291630:   00007f4650291be0 00007f4650291bd0
0x00007f4650291640:   00007f46a5d058a1 00007f4650291d80
0x00007f4650291650:   0000000000000000 00007f46a680f92d
0x00007f4650291660:   00007f463c0b5800 570f153450301580
0x00007f4650291670:   0000000000000000 00007f4650291748
0x00007f4650291680:   00007f4650291738 00007f4600000000
0x00007f4650291690:   00007f4600000000 00007f4650291750
0x00007f46502916a0:   00007f4600000000 00007f4650339720
0x00007f46502916b0:   00007f4600000000 00007f4650301520
0x00007f46502916c0:   00007f4600000000 00007f4600000000
0x00007f46502916d0:   00007f4650291760 00007f4600000000
0x00007f46502916e0:   00007f4600000000 00007f4600000041
0x00007f46502916f0:   0000000000000000 00007f4600000041 

Instructions: (pc=0x00007f469f7c4eed)
0x00007f469f7c4ecd:   40 30 00 00 00 00 48 c7 40 28 00 00 00 00 0f 84
0x00007f469f7c4edd:   bf 01 00 00 49 8b 0c 24 48 2b 4b 28 48 03 4b 18
0x00007f469f7c4eed:   0f b7 41 20 44 0f b7 69 1c 49 89 ce 44 0f b7 61
0x00007f469f7c4efd:   1e 89 45 c0 41 8b 46 0c 48 c7 45 c8 00 00 00 00 

Register to memory mapping:

RAX=0x00007f464c001ea0 is an unknown value
RBX=0x00007f46a0220ea0 is an unknown value
RCX=0x00007f468cefd47e is an unknown value
RDX=0x00007f464c001ea0 is an unknown value
RSP=0x00007f4650291500 is pointing into the stack for thread: 0x00007f463c0b5800
RBP=0x00007f4650291570 is pointing into the stack for thread: 0x00007f463c0b5800
RSI=0x00000000000000f0 is an unknown value
RDI=0x00007f4650291480 is pointing into the stack for thread: 0x00007f463c0b5800
R8 =0x0000000053c39efb is an unknown value
R9 =0x00007f46a613dfe0: <offset 0xef1fe0> in /usr/lib/jvm/java-8-openjdk-amd64/jre/lib/amd64/server/libjvm.so at 0x00007f46a524c000
R10=0x00007f464c0000b8 is an unknown value
R11=0x00000000e4355540 is an oop
