#
# A fatal error has been detected by the Java Runtime Environment:
#
#  SIGBUS (0x7) at pc=0x00007f559ee87eed, pid=27173, tid=0x00007f5552507700
#
# JRE version: OpenJDK Runtime Environment (8.0_121-b13) (build 1.8.0_121-8u121-b13-0ubuntu1.16.04.2-b13)
# Java VM: OpenJDK 64-Bit Server VM (25.121-b13 mixed mode linux-amd64 compressed oops)
# Problematic frame:
# C  [libzip.so+0x4eed]
#
# Failed to write core dump. Core dumps have been disabled. To enable core dumping, try "ulimit -c unlimited" before starting Java again
#
# If you would like to submit a bug report, please visit:
#   http://bugreport.java.com/bugreport/crash.jsp
# The crash happened outside the Java Virtual Machine in native code.
# See problematic frame for where to report the bug.
#

---------------  T H R E A D  ---------------

Current thread (0x00007f5598e6d800):  JavaThread "dw-12 - POST /api/personal-cards" [_thread_in_native, id=27193, stack(0x00007f5552407000,0x00007f5552508000)]

siginfo: si_signo: 7 (SIGBUS), si_code: 2 (BUS_ADRERR), si_addr: 0x00007f5588382e2e

Registers:
RAX=0x00007f5544221e70, RBX=0x00007f5598210aa0, RCX=0x00007f5588382e0e, RDX=0x00007f5544221e70
RSP=0x00007f5552501e90, RBP=0x00007f5552501f00, RSI=0x00007f5544000038, RDI=0x0000000000000003
R8 =0x00007f5544221eb0, R9 =0x00007f55a16a6fe0, R10=0x00007f5544221e60, R11=0x00000000de976848
R12=0x00007f5598228348, R13=0x00007f5552501f8b, R14=0x00007f55541ee020, R15=0x00007f5544221e70
RIP=0x00007f559ee87eed, EFLAGS=0x0000000000010202, CSGSFS=0x0000000000000033, ERR=0x0000000000000004
  TRAPNO=0x000000000000000e

Top of Stack: (sp=0x00007f5552501e90)
0x00007f5552501e90:   00007f5598ef7780 00007f5552502150
0x00007f5552501ea0:   00007f5598e6d800 fffffffffffffff8
0x00007f5552501eb0:   00007f55525021e0 00007f55a120006d
0x00007f5552501ec0:   0000000098e6d800 00007f55a1029a00
0x00007f5552501ed0:   000000000000001c 00007f5598228340
0x00007f5552501ee0:   000000005dff91f4 00007f5552501f8b
0x00007f5552501ef0:   00007f55541ee020 00007f5598210aa0
0x00007f5552501f00:   00007f5552501f50 00007f559ee88c84
0x00007f5552501f10:   00007f5552501f70 0000001c011bff00
0x00007f5552501f20:   00007f5552501f50 000000000000001c
0x00007f5552501f30:   00007f5598e6d9e0 000000008527f750
0x00007f5552501f40:   00007f55525023c8 00007f5598210aa0
0x00007f5552501f50:   00007f55525023b0 00007f559ee86bec
0x00007f5552501f60:   00007f5552501f70 0000000151ac0340
0x00007f5552501f70:   74736f702f67726f 752f6c7173657267
0x00007f5552501f80:   632e54472f6c6974 000000007373616c
0x00007f5552501f90:   00007f5598ef6a10 00007f55a11fc1e0
0x00007f5552501fa0:   00007f5598ef7780 00007f55a1da66ce
0x00007f5552501fb0:   00007f5552502560 00007f5552502550
0x00007f5552501fc0:   00007f55a126e8a1 00007f5552502700
0x00007f5552501fd0:   0000000000000000 00007f55a1d7892d
0x00007f5552501fe0:   00007f5552502000 00007f5598e68ec0
0x00007f5552501ff0:   00007f5552502050 00007f55525020c8
0x00007f5552502000:   00007f55525020b8 00007f5500000000
0x00007f5552502010:   00007f5500000000 00007f55525020d0
0x00007f5552502020:   00007f5500000000 00007f55a10ff149
0x00007f5552502030:   0000000000000000 0000000000000020
0x00007f5552502040:   0000000000000000 00007f5500000000
0x00007f5552502050:   00007f55525020e0 00007f5500000000
0x00007f5552502060:   0000000000000000 00007f5500000024
0x00007f5552502070:   0000000000000000 00037f5500000024
0x00007f5552502080:   00007f55a126e8a3 0000000100000000 

Instructions: (pc=0x00007f559ee87eed)
0x00007f559ee87ecd:   40 30 00 00 00 00 48 c7 40 28 00 00 00 00 0f 84
0x00007f559ee87edd:   bf 01 00 00 49 8b 0c 24 48 2b 4b 28 48 03 4b 18
0x00007f559ee87eed:   0f b7 41 20 44 0f b7 69 1c 49 89 ce 44 0f b7 61
0x00007f559ee87efd:   1e 89 45 c0 41 8b 46 0c 48 c7 45 c8 00 00 00 00 

Register to memory mapping:

RAX=0x00007f5544221e70 is an unknown value
RBX=0x00007f5598210aa0 is an unknown value
RCX=0x00007f5588382e0e is an unknown value
RDX=0x00007f5544221e70 is an unknown value
RSP=0x00007f5552501e90 is pointing into the stack for thread: 0x00007f5598e6d800
RBP=0x00007f5552501f00 is pointing into the stack for thread: 0x00007f5598e6d800
RSI=0x00007f5544000038 is an unknown value
RDI=0x0000000000000003 is an unknown value
R8 =0x00007f5544221eb0 is an unknown value
R9 =0x00007f55a16a6fe0: <offset 0xef1fe0> in /usr/lib/jvm/java-8-openjdk-amd64/jre/lib/amd64/server/libjvm.so at 0x00007f55a07b5000
R10=0x00007f5544221e60 is an unknown value
R11=0x00000000de976848 is an oop
